<?xml version="1.0" encoding="UTF-8"?>
<!-- Generated by org.testng.reporters.JUnitReportReporter -->
<testsuite hostname="DESKTOP-55D8NP7" name="testCases.verifyLoginPage" tests="1" failures="0" timestamp="24 Nov 2016 02:55:08 GMT" time="32.943" errors="0">
  <testcase name="testHomePage" time="32.943" classname="testCases.verifyLoginPage"/>
</testsuite> <!-- testCases.verifyLoginPage -->
