<?xml version="1.0" encoding="UTF-8"?>
<!-- Generated by org.testng.reporters.JUnitReportReporter -->
<testsuite hostname="DESKTOP-55D8NP7" name="testCases.verifyLoginPageWithReports1" tests="1" failures="0" timestamp="5 Dec 2016 03:47:00 GMT" time="37.749" errors="0">
  <testcase name="testHomePage" time="37.749" classname="testCases.verifyLoginPageWithReports1"/>
</testsuite> <!-- testCases.verifyLoginPageWithReports1 -->
