<?xml version="1.0" encoding="UTF-8"?>
<!-- Generated by org.testng.reporters.JUnitReportReporter -->
<testsuite hostname="DESKTOP-55D8NP7" name="testCases.verifyHomePage" tests="1" failures="0" timestamp="24 Nov 2016 02:55:08 GMT" time="28.037" errors="0">
  <testcase name="testHomePage" time="28.037" classname="testCases.verifyHomePage"/>
</testsuite> <!-- testCases.verifyHomePage -->
