<?xml version="1.0" encoding="UTF-8"?>
<!-- Generated by org.testng.reporters.JUnitReportReporter -->
<testsuite hostname="DESKTOP-55D8NP7" name="testCases.verifyLoginPageWithReports" tests="1" failures="0" timestamp="25 Nov 2016 18:00:49 GMT" time="38.242" errors="0">
  <testcase name="testHomePage" time="38.242" classname="testCases.verifyLoginPageWithReports"/>
</testsuite> <!-- testCases.verifyLoginPageWithReports -->
